<?xml version="1.0" encoding="UTF-8"?>
<coverage generated="1753194140">
  <project timestamp="1753194140">
    <file name="/var/projects/queasy/queasy-db/src/Blob.php">
      <class name="queasy\db\Blob" namespace="global">
        <metrics complexity="5" methods="3" coveredmethods="0" conditionals="0" coveredconditionals="0" statements="6" coveredstatements="0" elements="9" coveredelements="0"/>
      </class>
      <line num="10" type="method" name="__construct" visibility="public" complexity="3" crap="12" count="0"/>
      <line num="12" type="stmt" count="0"/>
      <line num="13" type="stmt" count="0"/>
      <line num="14" type="stmt" count="0"/>
      <line num="15" type="stmt" count="0"/>
      <line num="18" type="method" name="__toString" visibility="public" complexity="1" crap="2" count="0"/>
      <line num="20" type="stmt" count="0"/>
      <line num="23" type="method" name="length" visibility="public" complexity="1" crap="2" count="0"/>
      <line num="25" type="stmt" count="0"/>
      <metrics loc="29" ncloc="29" classes="1" methods="3" coveredmethods="0" conditionals="0" coveredconditionals="0" statements="6" coveredstatements="0" elements="9" coveredelements="0"/>
    </file>
    <file name="/var/projects/queasy/queasy-db/src/Db.php">
      <class name="queasy\db\Db" namespace="global">
        <metrics complexity="40" methods="13" coveredmethods="7" conditionals="0" coveredconditionals="0" statements="82" coveredstatements="75" elements="95" coveredelements="82"/>
      </class>
      <line num="22" type="method" name="expr" visibility="public" complexity="1" crap="1" count="2"/>
      <line num="24" type="stmt" count="2"/>
      <line num="62" type="method" name="__construct" visibility="public" complexity="17" crap="17" count="57"/>
      <line num="64" type="stmt" count="57"/>
      <line num="66" type="stmt" count="57"/>
      <line num="67" type="stmt" count="57"/>
      <line num="70" type="stmt" count="57"/>
      <line num="72" type="stmt" count="57"/>
      <line num="73" type="stmt" count="5"/>
      <line num="75" type="stmt" count="5"/>
      <line num="78" type="stmt" count="52"/>
      <line num="79" type="stmt" count="2"/>
      <line num="81" type="stmt" count="1"/>
      <line num="84" type="stmt" count="50"/>
      <line num="85" type="stmt" count="49"/>
      <line num="86" type="stmt" count="19"/>
      <line num="89" type="stmt" count="49"/>
      <line num="90" type="stmt" count="2"/>
      <line num="93" type="stmt" count="49"/>
      <line num="95" type="stmt" count="49"/>
      <line num="96" type="stmt" count="49"/>
      <line num="97" type="stmt" count="49"/>
      <line num="100" type="stmt" count="49"/>
      <line num="101" type="stmt" count="49"/>
      <line num="102" type="stmt" count="2"/>
      <line num="103" type="stmt" count="2"/>
      <line num="104" type="stmt" count="2"/>
      <line num="105" type="stmt" count="0"/>
      <line num="108" type="stmt" count="2"/>
      <line num="111" type="stmt" count="2"/>
      <line num="114" type="stmt" count="49"/>
      <line num="115" type="stmt" count="49"/>
      <line num="116" type="stmt" count="49"/>
      <line num="117" type="stmt" count="49"/>
      <line num="118" type="stmt" count="49"/>
      <line num="119" type="stmt" count="49"/>
      <line num="123" type="stmt" count="49"/>
      <line num="126" type="stmt" count="1"/>
      <line num="129" type="method" name="prepare" visibility="public" complexity="2" crap="2.03" count="47"/>
      <line num="132" type="stmt" count="47"/>
      <line num="134" type="stmt" count="47"/>
      <line num="135" type="stmt" count="47"/>
      <line num="137" type="stmt" count="0"/>
      <line num="140" type="stmt" count="47"/>
      <line num="148" type="method" name="setLogger" visibility="public" complexity="1" crap="2" count="0"/>
      <line num="151" type="stmt" count="0"/>
      <line num="154" type="method" name="__get" visibility="public" complexity="1" crap="1" count="40"/>
      <line num="156" type="stmt" count="40"/>
      <line num="159" type="method" name="__call" visibility="public" complexity="5" crap="5" count="2"/>
      <line num="161" type="stmt" count="2"/>
      <line num="162" type="stmt" count="2"/>
      <line num="163" type="stmt" count="1"/>
      <line num="166" type="stmt" count="1"/>
      <line num="169" type="stmt" count="1"/>
      <line num="170" type="stmt" count="1"/>
      <line num="172" type="stmt" count="1"/>
      <line num="173" type="stmt" count="1"/>
      <line num="175" type="stmt" count="1"/>
      <line num="176" type="stmt" count="1"/>
      <line num="177" type="stmt" count="1"/>
      <line num="178" type="stmt" count="1"/>
      <line num="181" type="method" name="__invoke" visibility="public" complexity="1" crap="1" count="3"/>
      <line num="183" type="stmt" count="3"/>
      <line num="193" type="method" name="table" visibility="public" complexity="3" crap="3" count="42"/>
      <line num="195" type="stmt" count="42"/>
      <line num="196" type="stmt" count="42"/>
      <line num="197" type="stmt" count="16"/>
      <line num="198" type="stmt" count="26"/>
      <line num="200" type="stmt" count="42"/>
      <line num="201" type="stmt" count="42"/>
      <line num="204" type="stmt" count="42"/>
      <line num="216" type="method" name="run" visibility="public" complexity="1" crap="1" count="8"/>
      <line num="218" type="stmt" count="8"/>
      <line num="219" type="stmt" count="8"/>
      <line num="221" type="stmt" count="8"/>
      <line num="231" type="method" name="id" visibility="public" complexity="1" crap="1" count="1"/>
      <line num="233" type="stmt" count="1"/>
      <line num="243" type="method" name="trans" visibility="public" complexity="5" crap="5.09" count="3"/>
      <line num="245" type="stmt" count="3"/>
      <line num="246" type="stmt" count="1"/>
      <line num="249" type="stmt" count="2"/>
      <line num="252" type="stmt" count="2"/>
      <line num="254" type="stmt" count="1"/>
      <line num="255" type="stmt" count="1"/>
      <line num="257" type="stmt" count="0"/>
      <line num="260" type="stmt" count="1"/>
      <line num="261" type="stmt" count="1"/>
      <line num="262" type="stmt" count="1"/>
      <line num="263" type="stmt" count="1"/>
      <line num="265" type="stmt" count="0"/>
      <line num="268" type="stmt" count="1"/>
      <line num="272" type="method" name="useReturning" visibility="public" complexity="1" crap="2" count="0"/>
      <line num="274" type="stmt" count="0"/>
      <line num="282" type="method" name="logger" visibility="protected" complexity="1" crap="2" count="0"/>
      <line num="284" type="stmt" count="0"/>
      <metrics loc="288" ncloc="233" classes="1" methods="13" coveredmethods="7" conditionals="0" coveredconditionals="0" statements="82" coveredstatements="75" elements="95" coveredelements="82"/>
    </file>
    <file name="/var/projects/queasy/queasy-db/src/DbException.php">
      <class name="queasy\db\DbException" namespace="global">
        <metrics complexity="0" methods="0" coveredmethods="0" conditionals="0" coveredconditionals="0" statements="0" coveredstatements="0" elements="0" coveredelements="0"/>
      </class>
      <metrics loc="11" ncloc="11" classes="0" methods="0" coveredmethods="0" conditionals="0" coveredconditionals="0" statements="0" coveredstatements="0" elements="0" coveredelements="0"/>
    </file>
    <file name="/var/projects/queasy/queasy-db/src/Expression.php">
      <class name="queasy\db\Expression" namespace="global">
        <metrics complexity="4" methods="4" coveredmethods="3" conditionals="0" coveredconditionals="0" statements="5" coveredstatements="4" elements="9" coveredelements="7"/>
      </class>
      <line num="11" type="method" name="__construct" visibility="public" complexity="1" crap="1" count="2"/>
      <line num="13" type="stmt" count="2"/>
      <line num="14" type="stmt" count="2"/>
      <line num="17" type="method" name="getExpression" visibility="public" complexity="1" crap="2" count="0"/>
      <line num="19" type="stmt" count="0"/>
      <line num="22" type="method" name="getBindings" visibility="public" complexity="1" crap="1" count="2"/>
      <line num="24" type="stmt" count="2"/>
      <line num="27" type="method" name="__toString" visibility="public" complexity="1" crap="1" count="2"/>
      <line num="29" type="stmt" count="2"/>
      <metrics loc="33" ncloc="33" classes="1" methods="4" coveredmethods="3" conditionals="0" coveredconditionals="0" statements="5" coveredstatements="4" elements="9" coveredelements="7"/>
    </file>
    <file name="/var/projects/queasy/queasy-db/src/Field.php">
      <class name="queasy\db\Field" namespace="global">
        <metrics complexity="12" methods="10" coveredmethods="9" conditionals="0" coveredconditionals="0" statements="26" coveredstatements="25" elements="36" coveredelements="34"/>
      </class>
      <line num="25" type="method" name="__construct" visibility="public" complexity="1" crap="1" count="19"/>
      <line num="27" type="stmt" count="19"/>
      <line num="29" type="stmt" count="19"/>
      <line num="30" type="stmt" count="19"/>
      <line num="31" type="stmt" count="19"/>
      <line num="34" type="method" name="update" visibility="public" complexity="2" crap="2" count="9"/>
      <line num="36" type="stmt" count="9"/>
      <line num="37" type="stmt" count="2"/>
      <line num="40" type="stmt" count="7"/>
      <line num="43" type="method" name="delete" visibility="public" complexity="1" crap="1" count="7"/>
      <line num="45" type="stmt" count="7"/>
      <line num="48" type="method" name="select" visibility="public" complexity="1" crap="1" count="6"/>
      <line num="50" type="stmt" count="6"/>
      <line num="51" type="stmt" count="6"/>
      <line num="53" type="stmt" count="6"/>
      <line num="55" type="stmt" count="6"/>
      <line num="58" type="method" name="offsetExists" visibility="public" complexity="1" crap="1" count="1"/>
      <line num="61" type="stmt" count="1"/>
      <line num="62" type="stmt" count="1"/>
      <line num="64" type="stmt" count="1"/>
      <line num="66" type="stmt" count="1"/>
      <line num="68" type="stmt" count="1"/>
      <line num="70" type="stmt" count="1"/>
      <line num="73" type="method" name="offsetGet" visibility="public" complexity="2" crap="2" count="4"/>
      <line num="76" type="stmt" count="4"/>
      <line num="78" type="stmt" count="4"/>
      <line num="79" type="stmt" count="1"/>
      <line num="82" type="stmt" count="3"/>
      <line num="85" type="method" name="offsetSet" visibility="public" complexity="1" crap="1" count="6"/>
      <line num="88" type="stmt" count="6"/>
      <line num="91" type="method" name="offsetUnset" visibility="public" complexity="1" crap="1" count="2"/>
      <line num="94" type="stmt" count="2"/>
      <line num="97" type="method" name="__invoke" visibility="public" complexity="1" crap="2" count="0"/>
      <line num="99" type="stmt" count="0"/>
      <line num="102" type="method" name="setLogger" visibility="public" complexity="1" crap="1" count="19"/>
      <line num="104" type="stmt" count="19"/>
      <metrics loc="108" ncloc="108" classes="1" methods="10" coveredmethods="9" conditionals="0" coveredconditionals="0" statements="26" coveredstatements="25" elements="36" coveredelements="34"/>
    </file>
    <file name="/var/projects/queasy/queasy-db/src/Table.php">
      <class name="queasy\db\Table" namespace="global">
        <metrics complexity="32" methods="17" coveredmethods="11" conditionals="0" coveredconditionals="0" statements="71" coveredstatements="59" elements="88" coveredelements="70"/>
      </class>
      <line num="49" type="method" name="__construct" visibility="public" complexity="1" crap="1" count="42"/>
      <line num="51" type="stmt" count="42"/>
      <line num="53" type="stmt" count="42"/>
      <line num="54" type="stmt" count="42"/>
      <line num="55" type="stmt" count="42"/>
      <line num="56" type="stmt" count="42"/>
      <line num="59" type="method" name="__get" visibility="public" complexity="2" crap="2" count="19"/>
      <line num="61" type="stmt" count="19"/>
      <line num="62" type="stmt" count="19"/>
      <line num="63" type="stmt" count="19"/>
      <line num="65" type="stmt" count="19"/>
      <line num="68" type="stmt" count="19"/>
      <line num="71" type="method" name="statement" visibility="public" complexity="1" crap="1" count="2"/>
      <line num="73" type="stmt" count="2"/>
      <line num="74" type="stmt" count="2"/>
      <line num="76" type="stmt" count="2"/>
      <line num="79" type="method" name="all" visibility="public" complexity="1" crap="1" count="1"/>
      <line num="81" type="stmt" count="1"/>
      <line num="84" type="method" name="getIterator" visibility="public" complexity="1" crap="1" count="1"/>
      <line num="87" type="stmt" count="1"/>
      <line num="90" type="method" name="offsetExists" visibility="public" complexity="1" crap="2" count="0"/>
      <line num="93" type="stmt" count="0"/>
      <line num="96" type="method" name="offsetGet" visibility="public" complexity="1" crap="2" count="0"/>
      <line num="99" type="stmt" count="0"/>
      <line num="102" type="method" name="offsetSet" visibility="public" complexity="2" crap="2" count="8"/>
      <line num="105" type="stmt" count="8"/>
      <line num="106" type="stmt" count="1"/>
      <line num="109" type="stmt" count="7"/>
      <line num="112" type="method" name="offsetUnset" visibility="public" complexity="1" crap="2" count="0"/>
      <line num="115" type="stmt" count="0"/>
      <line num="128" type="method" name="__call" visibility="public" complexity="3" crap="3.79" count="4"/>
      <line num="130" type="stmt" count="4"/>
      <line num="131" type="stmt" count="0"/>
      <line num="132" type="stmt" count="0"/>
      <line num="134" type="stmt" count="0"/>
      <line num="137" type="stmt" count="4"/>
      <line num="138" type="stmt" count="4"/>
      <line num="139" type="stmt" count="4"/>
      <line num="141" type="stmt" count="4"/>
      <line num="144" type="stmt" count="0"/>
      <line num="147" type="method" name="count" visibility="public" complexity="1" crap="1" count="2"/>
      <line num="150" type="stmt" count="2"/>
      <line num="151" type="stmt" count="2"/>
      <line num="153" type="stmt" count="2"/>
      <line num="155" type="stmt" count="2"/>
      <line num="157" type="stmt" count="2"/>
      <line num="160" type="method" name="insert" visibility="public" complexity="12" crap="12.28" count="11"/>
      <line num="162" type="stmt" count="11"/>
      <line num="163" type="stmt" count="10"/>
      <line num="164" type="stmt" count="1"/>
      <line num="165" type="stmt" count="11"/>
      <line num="166" type="stmt" count="0"/>
      <line num="169" type="stmt" count="11"/>
      <line num="172" type="stmt" count="11"/>
      <line num="173" type="stmt" count="11"/>
      <line num="174" type="stmt" count="9"/>
      <line num="175" type="stmt" count="2"/>
      <line num="177" type="stmt" count="11"/>
      <line num="178" type="stmt" count="5"/>
      <line num="179" type="stmt" count="5"/>
      <line num="180" type="stmt" count="5"/>
      <line num="181" type="stmt" count="4"/>
      <line num="182" type="stmt" count="1"/>
      <line num="185" type="stmt" count="11"/>
      <line num="186" type="stmt" count="11"/>
      <line num="188" type="stmt" count="11"/>
      <line num="190" type="stmt" count="11"/>
      <line num="192" type="stmt" count="6"/>
      <line num="193" type="stmt" count="0"/>
      <line num="194" type="stmt" count="0"/>
      <line num="198" type="stmt" count="5"/>
      <line num="201" type="method" name="update" visibility="public" complexity="1" crap="1" count="9"/>
      <line num="203" type="stmt" count="9"/>
      <line num="204" type="stmt" count="9"/>
      <line num="206" type="stmt" count="9"/>
      <line num="208" type="stmt" count="9"/>
      <line num="211" type="method" name="delete" visibility="public" complexity="1" crap="1" count="7"/>
      <line num="213" type="stmt" count="7"/>
      <line num="214" type="stmt" count="7"/>
      <line num="216" type="stmt" count="7"/>
      <line num="218" type="stmt" count="7"/>
      <line num="221" type="method" name="where" visibility="public" complexity="1" crap="2" count="0"/>
      <line num="223" type="stmt" count="0"/>
      <line num="224" type="stmt" count="0"/>
      <line num="232" type="method" name="setLogger" visibility="public" complexity="1" crap="1" count="42"/>
      <line num="234" type="stmt" count="42"/>
      <line num="237" type="method" name="getName" visibility="public" complexity="1" crap="1" count="9"/>
      <line num="239" type="stmt" count="9"/>
      <metrics loc="243" ncloc="213" classes="1" methods="17" coveredmethods="11" conditionals="0" coveredconditionals="0" statements="71" coveredstatements="59" elements="88" coveredelements="70"/>
    </file>
    <file name="/var/projects/queasy/queasy-db/src/query/AbstractQuery.php">
      <class name="queasy\db\query\AbstractQuery" namespace="global">
        <metrics complexity="8" methods="7" coveredmethods="6" conditionals="0" coveredconditionals="0" statements="11" coveredstatements="10" elements="18" coveredelements="16"/>
      </class>
      <line num="34" type="method" name="__construct" visibility="public" complexity="1" crap="1" count="47"/>
      <line num="36" type="stmt" count="47"/>
      <line num="38" type="stmt" count="47"/>
      <line num="39" type="stmt" count="47"/>
      <line num="44" type="method" name="__invoke" visibility="public" complexity="1" crap="1" count="37"/>
      <line num="46" type="stmt" count="37"/>
      <line num="54" type="method" name="setLogger" visibility="public" complexity="1" crap="1" count="47"/>
      <line num="56" type="stmt" count="47"/>
      <line num="59" type="method" name="logger" visibility="protected" complexity="1" crap="1" count="47"/>
      <line num="61" type="stmt" count="47"/>
      <line num="64" type="method" name="pdo" visibility="protected" complexity="1" crap="1" count="47"/>
      <line num="66" type="stmt" count="47"/>
      <line num="69" type="method" name="sql" visibility="protected" complexity="2" crap="2.15" count="47"/>
      <line num="71" type="stmt" count="47"/>
      <line num="72" type="stmt" count="0"/>
      <line num="75" type="stmt" count="47"/>
      <line num="78" type="method" name="setSql" visibility="protected" complexity="1" crap="1" count="47"/>
      <line num="80" type="stmt" count="47"/>
      <metrics loc="84" ncloc="66" classes="1" methods="7" coveredmethods="6" conditionals="0" coveredconditionals="0" statements="11" coveredstatements="10" elements="18" coveredelements="16"/>
    </file>
    <file name="/var/projects/queasy/queasy-db/src/query/BatchInsertQuery.php">
      <class name="queasy\db\query\BatchInsertQuery" namespace="global">
        <metrics complexity="1" methods="1" coveredmethods="1" conditionals="0" coveredconditionals="0" statements="12" coveredstatements="12" elements="13" coveredelements="13"/>
      </class>
      <line num="18" type="method" name="run" visibility="public" complexity="1" crap="1" count="4"/>
      <line num="20" type="stmt" count="4"/>
      <line num="22" type="stmt" count="4"/>
      <line num="23" type="stmt" count="4"/>
      <line num="25" type="stmt" count="4"/>
      <line num="26" type="stmt" count="4"/>
      <line num="28" type="stmt" count="4"/>
      <line num="30" type="stmt" count="4"/>
      <line num="31" type="stmt" count="4"/>
      <line num="32" type="stmt" count="4"/>
      <line num="33" type="stmt" count="4"/>
      <line num="35" type="stmt" count="4"/>
      <line num="37" type="stmt" count="4"/>
      <metrics loc="41" ncloc="32" classes="1" methods="1" coveredmethods="1" conditionals="0" coveredconditionals="0" statements="12" coveredstatements="12" elements="13" coveredelements="13"/>
    </file>
    <file name="/var/projects/queasy/queasy-db/src/query/BatchNamedInsertQuery.php">
      <class name="queasy\db\query\BatchNamedInsertQuery" namespace="global">
        <metrics complexity="4" methods="1" coveredmethods="0" conditionals="0" coveredconditionals="0" statements="25" coveredstatements="24" elements="26" coveredelements="24"/>
      </class>
      <line num="18" type="method" name="run" visibility="public" complexity="4" crap="4" count="1"/>
      <line num="20" type="stmt" count="1"/>
      <line num="21" type="stmt" count="0"/>
      <line num="24" type="stmt" count="1"/>
      <line num="25" type="stmt" count="1"/>
      <line num="27" type="stmt" count="1"/>
      <line num="28" type="stmt" count="1"/>
      <line num="29" type="stmt" count="1"/>
      <line num="30" type="stmt" count="1"/>
      <line num="31" type="stmt" count="1"/>
      <line num="32" type="stmt" count="1"/>
      <line num="33" type="stmt" count="1"/>
      <line num="34" type="stmt" count="1"/>
      <line num="35" type="stmt" count="1"/>
      <line num="36" type="stmt" count="1"/>
      <line num="39" type="stmt" count="1"/>
      <line num="41" type="stmt" count="1"/>
      <line num="43" type="stmt" count="1"/>
      <line num="45" type="stmt" count="1"/>
      <line num="47" type="stmt" count="1"/>
      <line num="48" type="stmt" count="1"/>
      <line num="49" type="stmt" count="1"/>
      <line num="50" type="stmt" count="1"/>
      <line num="51" type="stmt" count="1"/>
      <line num="53" type="stmt" count="1"/>
      <line num="55" type="stmt" count="1"/>
      <metrics loc="59" ncloc="50" classes="1" methods="1" coveredmethods="0" conditionals="0" coveredconditionals="0" statements="25" coveredstatements="24" elements="26" coveredelements="24"/>
    </file>
    <file name="/var/projects/queasy/queasy-db/src/query/CountQuery.php">
      <class name="queasy\db\query\CountQuery" namespace="global">
        <metrics complexity="2" methods="1" coveredmethods="1" conditionals="0" coveredconditionals="0" statements="6" coveredstatements="6" elements="7" coveredelements="7"/>
      </class>
      <line num="16" type="method" name="run" visibility="public" complexity="2" crap="2" count="3"/>
      <line num="18" type="stmt" count="3"/>
      <line num="19" type="stmt" count="1"/>
      <line num="22" type="stmt" count="1"/>
      <line num="23" type="stmt" count="2"/>
      <line num="25" type="stmt" count="2"/>
      <line num="27" type="stmt" count="3"/>
      <metrics loc="31" ncloc="22" classes="1" methods="1" coveredmethods="1" conditionals="0" coveredconditionals="0" statements="6" coveredstatements="6" elements="7" coveredelements="7"/>
    </file>
    <file name="/var/projects/queasy/queasy-db/src/query/CustomQuery.php">
      <class name="queasy\db\query\CustomQuery" namespace="global">
        <metrics complexity="13" methods="2" coveredmethods="1" conditionals="0" coveredconditionals="0" statements="25" coveredstatements="19" elements="27" coveredelements="20"/>
      </class>
      <line num="13" type="method" name="__construct" visibility="public" complexity="1" crap="1" count="5"/>
      <line num="15" type="stmt" count="5"/>
      <line num="17" type="stmt" count="5"/>
      <line num="29" type="method" name="run" visibility="public" complexity="12" crap="14.56" count="5"/>
      <line num="31" type="stmt" count="5"/>
      <line num="32" type="stmt" count="5"/>
      <line num="33" type="stmt" count="0"/>
      <line num="34" type="stmt" count="5"/>
      <line num="36" type="stmt" count="5"/>
      <line num="38" type="stmt" count="5"/>
      <line num="40" type="stmt" count="5"/>
      <line num="41" type="stmt" count="2"/>
      <line num="44" type="stmt" count="3"/>
      <line num="45" type="stmt" count="0"/>
      <line num="46" type="stmt" count="3"/>
      <line num="47" type="stmt" count="3"/>
      <line num="48" type="stmt" count="0"/>
      <line num="49" type="stmt" count="3"/>
      <line num="50" type="stmt" count="3"/>
      <line num="52" type="stmt" count="1"/>
      <line num="53" type="stmt" count="0"/>
      <line num="54" type="stmt" count="1"/>
      <line num="57" type="stmt" count="1"/>
      <line num="58" type="stmt" count="0"/>
      <line num="59" type="stmt" count="1"/>
      <line num="62" type="stmt" count="1"/>
      <line num="65" type="stmt" count="0"/>
      <metrics loc="70" ncloc="61" classes="1" methods="2" coveredmethods="1" conditionals="0" coveredconditionals="0" statements="25" coveredstatements="19" elements="27" coveredelements="20"/>
    </file>
    <file name="/var/projects/queasy/queasy-db/src/query/DeleteQuery.php">
      <class name="queasy\db\query\DeleteQuery" namespace="global">
        <metrics complexity="6" methods="2" coveredmethods="2" conditionals="0" coveredconditionals="0" statements="28" coveredstatements="28" elements="30" coveredelements="30"/>
      </class>
      <line num="13" type="method" name="__construct" visibility="public" complexity="2" crap="2" count="7"/>
      <line num="15" type="stmt" count="7"/>
      <line num="17" type="stmt" count="7"/>
      <line num="19" type="stmt" count="7"/>
      <line num="20" type="stmt" count="4"/>
      <line num="21" type="stmt" count="3"/>
      <line num="24" type="method" name="run" visibility="public" complexity="4" crap="4" count="7"/>
      <line num="26" type="stmt" count="7"/>
      <line num="27" type="stmt" count="7"/>
      <line num="28" type="stmt" count="7"/>
      <line num="29" type="stmt" count="4"/>
      <line num="30" type="stmt" count="4"/>
      <line num="31" type="stmt" count="4"/>
      <line num="34" type="stmt" count="4"/>
      <line num="35" type="stmt" count="4"/>
      <line num="36" type="stmt" count="4"/>
      <line num="37" type="stmt" count="4"/>
      <line num="38" type="stmt" count="4"/>
      <line num="40" type="stmt" count="3"/>
      <line num="41" type="stmt" count="3"/>
      <line num="42" type="stmt" count="3"/>
      <line num="43" type="stmt" count="3"/>
      <line num="45" type="stmt" count="3"/>
      <line num="49" type="stmt" count="7"/>
      <line num="51" type="stmt" count="7"/>
      <line num="52" type="stmt" count="7"/>
      <line num="53" type="stmt" count="7"/>
      <line num="54" type="stmt" count="7"/>
      <line num="56" type="stmt" count="7"/>
      <line num="58" type="stmt" count="7"/>
      <metrics loc="62" ncloc="62" classes="1" methods="2" coveredmethods="2" conditionals="0" coveredconditionals="0" statements="28" coveredstatements="28" elements="30" coveredelements="30"/>
    </file>
    <file name="/var/projects/queasy/queasy-db/src/query/Query.php">
      <class name="queasy\db\query\Query" namespace="global">
        <metrics complexity="11" methods="2" coveredmethods="0" conditionals="0" coveredconditionals="0" statements="30" coveredstatements="24" elements="32" coveredelements="24"/>
      </class>
      <line num="24" type="method" name="run" visibility="public" complexity="5" crap="5.07" count="47"/>
      <line num="26" type="stmt" count="47"/>
      <line num="28" type="stmt" count="47"/>
      <line num="29" type="stmt" count="0"/>
      <line num="32" type="stmt" count="47"/>
      <line num="33" type="stmt" count="47"/>
      <line num="35" type="stmt" count="47"/>
      <line num="36" type="stmt" count="47"/>
      <line num="37" type="stmt" count="47"/>
      <line num="38" type="stmt" count="33"/>
      <line num="40" type="stmt" count="33"/>
      <line num="41" type="stmt" count="28"/>
      <line num="42" type="stmt" count="7"/>
      <line num="44" type="stmt" count="33"/>
      <line num="45" type="stmt" count="33"/>
      <line num="46" type="stmt" count="33"/>
      <line num="47" type="stmt" count="33"/>
      <line num="48" type="stmt" count="33"/>
      <line num="51" type="stmt" count="47"/>
      <line num="52" type="stmt" count="0"/>
      <line num="54" type="stmt" count="0"/>
      <line num="57" type="stmt" count="47"/>
      <line num="60" type="method" name="getParamType" visibility="protected" complexity="6" crap="7.33" count="33"/>
      <line num="62" type="stmt" count="33"/>
      <line num="63" type="stmt" count="0"/>
      <line num="66" type="stmt" count="33"/>
      <line num="67" type="stmt" count="30"/>
      <line num="70" type="stmt" count="18"/>
      <line num="71" type="stmt" count="0"/>
      <line num="74" type="stmt" count="18"/>
      <line num="75" type="stmt" count="0"/>
      <line num="78" type="stmt" count="18"/>
      <metrics loc="82" ncloc="72" classes="1" methods="2" coveredmethods="0" conditionals="0" coveredconditionals="0" statements="30" coveredstatements="24" elements="32" coveredelements="24"/>
    </file>
    <file name="/var/projects/queasy/queasy-db/src/query/QueryBuilder.php">
      <class name="queasy\db\query\QueryBuilder" namespace="global">
        <metrics complexity="36" methods="14" coveredmethods="0" conditionals="0" coveredconditionals="0" statements="88" coveredstatements="0" elements="102" coveredelements="0"/>
      </class>
      <line num="24" type="method" name="__construct" visibility="public" complexity="1" crap="2" count="0"/>
      <line num="26" type="stmt" count="0"/>
      <line num="28" type="stmt" count="0"/>
      <line num="31" type="method" name="join" visibility="public" complexity="2" crap="6" count="0"/>
      <line num="33" type="stmt" count="0"/>
      <line num="34" type="stmt" count="0"/>
      <line num="36" type="stmt" count="0"/>
      <line num="37" type="stmt" count="0"/>
      <line num="40" type="stmt" count="0"/>
      <line num="43" type="method" name="innerJoin" visibility="public" complexity="1" crap="2" count="0"/>
      <line num="45" type="stmt" count="0"/>
      <line num="48" type="method" name="leftJoin" visibility="public" complexity="1" crap="2" count="0"/>
      <line num="50" type="stmt" count="0"/>
      <line num="53" type="method" name="rightJoin" visibility="public" complexity="1" crap="2" count="0"/>
      <line num="55" type="stmt" count="0"/>
      <line num="58" type="method" name="fullJoin" visibility="public" complexity="1" crap="2" count="0"/>
      <line num="60" type="stmt" count="0"/>
      <line num="63" type="method" name="where" visibility="public" complexity="2" crap="6" count="0"/>
      <line num="65" type="stmt" count="0"/>
      <line num="66" type="stmt" count="0"/>
      <line num="69" type="stmt" count="0"/>
      <line num="70" type="stmt" count="0"/>
      <line num="72" type="stmt" count="0"/>
      <line num="112" type="method" name="into" visibility="public" complexity="2" crap="6" count="0"/>
      <line num="114" type="stmt" count="0"/>
      <line num="115" type="stmt" count="0"/>
      <line num="118" type="stmt" count="0"/>
      <line num="120" type="stmt" count="0"/>
      <line num="123" type="method" name="buildJoins" visibility="public" complexity="2" crap="6" count="0"/>
      <line num="125" type="stmt" count="0"/>
      <line num="126" type="stmt" count="0"/>
      <line num="127" type="stmt" count="0"/>
      <line num="128" type="stmt" count="0"/>
      <line num="129" type="stmt" count="0"/>
      <line num="132" type="stmt" count="0"/>
      <line num="135" type="method" name="buildWhere" visibility="public" complexity="2" crap="6" count="0"/>
      <line num="137" type="stmt" count="0"/>
      <line num="138" type="stmt" count="0"/>
      <line num="139" type="stmt" count="0"/>
      <line num="140" type="stmt" count="0"/>
      <line num="151" type="stmt" count="0"/>
      <line num="154" type="method" name="insert" visibility="public" complexity="7" crap="56" count="0"/>
      <line num="156" type="stmt" count="0"/>
      <line num="157" type="stmt" count="0"/>
      <line num="160" type="stmt" count="0"/>
      <line num="162" type="stmt" count="0"/>
      <line num="163" type="stmt" count="0"/>
      <line num="164" type="stmt" count="0"/>
      <line num="165" type="stmt" count="0"/>
      <line num="166" type="stmt" count="0"/>
      <line num="169" type="stmt" count="0"/>
      <line num="170" type="stmt" count="0"/>
      <line num="171" type="stmt" count="0"/>
      <line num="173" type="stmt" count="0"/>
      <line num="176" type="stmt" count="0"/>
      <line num="179" type="stmt" count="0"/>
      <line num="180" type="stmt" count="0"/>
      <line num="181" type="stmt" count="0"/>
      <line num="183" type="stmt" count="0"/>
      <line num="184" type="stmt" count="0"/>
      <line num="185" type="stmt" count="0"/>
      <line num="187" type="stmt" count="0"/>
      <line num="190" type="stmt" count="0"/>
      <line num="192" type="stmt" count="0"/>
      <line num="195" type="method" name="update" visibility="public" complexity="4" crap="20" count="0"/>
      <line num="197" type="stmt" count="0"/>
      <line num="198" type="stmt" count="0"/>
      <line num="201" type="stmt" count="0"/>
      <line num="203" type="stmt" count="0"/>
      <line num="204" type="stmt" count="0"/>
      <line num="205" type="stmt" count="0"/>
      <line num="206" type="stmt" count="0"/>
      <line num="207" type="stmt" count="0"/>
      <line num="209" type="stmt" count="0"/>
      <line num="212" type="stmt" count="0"/>
      <line num="215" type="stmt" count="0"/>
      <line num="217" type="stmt" count="0"/>
      <line num="219" type="stmt" count="0"/>
      <line num="222" type="method" name="delete" visibility="public" complexity="2" crap="6" count="0"/>
      <line num="224" type="stmt" count="0"/>
      <line num="225" type="stmt" count="0"/>
      <line num="228" type="stmt" count="0"/>
      <line num="229" type="stmt" count="0"/>
      <line num="231" type="stmt" count="0"/>
      <line num="234" type="method" name="select" visibility="public" complexity="8" crap="72" count="0"/>
      <line num="236" type="stmt" count="0"/>
      <line num="237" type="stmt" count="0"/>
      <line num="240" type="stmt" count="0"/>
      <line num="241" type="stmt" count="0"/>
      <line num="242" type="stmt" count="0"/>
      <line num="243" type="stmt" count="0"/>
      <line num="244" type="stmt" count="0"/>
      <line num="245" type="stmt" count="0"/>
      <line num="247" type="stmt" count="0"/>
      <line num="248" type="stmt" count="0"/>
      <line num="249" type="stmt" count="0"/>
      <line num="250" type="stmt" count="0"/>
      <line num="253" type="stmt" count="0"/>
      <line num="254" type="stmt" count="0"/>
      <line num="258" type="stmt" count="0"/>
      <line num="260" type="stmt" count="0"/>
      <line num="262" type="stmt" count="0"/>
      <metrics loc="266" ncloc="219" classes="1" methods="14" coveredmethods="0" conditionals="0" coveredconditionals="0" statements="88" coveredstatements="0" elements="102" coveredelements="0"/>
    </file>
    <file name="/var/projects/queasy/queasy-db/src/query/QueryInterface.php">
      <metrics loc="12" ncloc="12" classes="0" methods="0" coveredmethods="0" conditionals="0" coveredconditionals="0" statements="0" coveredstatements="0" elements="0" coveredelements="0"/>
    </file>
    <file name="/var/projects/queasy/queasy-db/src/query/SelectQuery.php">
      <class name="queasy\db\query\SelectQuery" namespace="global">
        <metrics complexity="8" methods="2" coveredmethods="1" conditionals="0" coveredconditionals="0" statements="34" coveredstatements="30" elements="36" coveredelements="31"/>
      </class>
      <line num="16" type="method" name="run" visibility="public" complexity="7" crap="7.09" count="8"/>
      <line num="18" type="stmt" count="8"/>
      <line num="19" type="stmt" count="8"/>
      <line num="20" type="stmt" count="0"/>
      <line num="21" type="stmt" count="0"/>
      <line num="22" type="stmt" count="0"/>
      <line num="25" type="stmt" count="8"/>
      <line num="27" type="stmt" count="8"/>
      <line num="28" type="stmt" count="8"/>
      <line num="29" type="stmt" count="8"/>
      <line num="30" type="stmt" count="8"/>
      <line num="32" type="stmt" count="8"/>
      <line num="33" type="stmt" count="8"/>
      <line num="35" type="stmt" count="8"/>
      <line num="36" type="stmt" count="6"/>
      <line num="37" type="stmt" count="2"/>
      <line num="39" type="stmt" count="2"/>
      <line num="40" type="stmt" count="2"/>
      <line num="41" type="stmt" count="2"/>
      <line num="44" type="stmt" count="2"/>
      <line num="46" type="stmt" count="2"/>
      <line num="47" type="stmt" count="2"/>
      <line num="48" type="stmt" count="2"/>
      <line num="49" type="stmt" count="2"/>
      <line num="50" type="stmt" count="2"/>
      <line num="52" type="stmt" count="4"/>
      <line num="53" type="stmt" count="0"/>
      <line num="56" type="stmt" count="4"/>
      <line num="58" type="stmt" count="4"/>
      <line num="59" type="stmt" count="4"/>
      <line num="60" type="stmt" count="4"/>
      <line num="61" type="stmt" count="4"/>
      <line num="65" type="stmt" count="8"/>
      <line num="67" type="stmt" count="8"/>
      <line num="70" type="method" name="__invoke" visibility="public" complexity="1" crap="1" count="8"/>
      <line num="72" type="stmt" count="8"/>
      <metrics loc="76" ncloc="67" classes="1" methods="2" coveredmethods="1" conditionals="0" coveredconditionals="0" statements="34" coveredstatements="30" elements="36" coveredelements="31"/>
    </file>
    <file name="/var/projects/queasy/queasy-db/src/query/SingleInsertQuery.php">
      <class name="queasy\db\query\SingleInsertQuery" namespace="global">
        <metrics complexity="2" methods="1" coveredmethods="1" conditionals="0" coveredconditionals="0" statements="12" coveredstatements="12" elements="13" coveredelements="13"/>
      </class>
      <line num="16" type="method" name="run" visibility="public" complexity="2" crap="2" count="4"/>
      <line num="18" type="stmt" count="4"/>
      <line num="19" type="stmt" count="4"/>
      <line num="20" type="stmt" count="4"/>
      <line num="21" type="stmt" count="4"/>
      <line num="23" type="stmt" count="4"/>
      <line num="24" type="stmt" count="2"/>
      <line num="26" type="stmt" count="2"/>
      <line num="27" type="stmt" count="2"/>
      <line num="28" type="stmt" count="2"/>
      <line num="29" type="stmt" count="2"/>
      <line num="31" type="stmt" count="4"/>
      <line num="33" type="stmt" count="4"/>
      <metrics loc="37" ncloc="28" classes="1" methods="1" coveredmethods="1" conditionals="0" coveredconditionals="0" statements="12" coveredstatements="12" elements="13" coveredelements="13"/>
    </file>
    <file name="/var/projects/queasy/queasy-db/src/query/SingleNamedInsertQuery.php">
      <class name="queasy\db\query\SingleNamedInsertQuery" namespace="global">
        <metrics complexity="1" methods="1" coveredmethods="1" conditionals="0" coveredconditionals="0" statements="16" coveredstatements="16" elements="17" coveredelements="17"/>
      </class>
      <line num="16" type="method" name="run" visibility="public" complexity="1" crap="1" count="2"/>
      <line num="18" type="stmt" count="2"/>
      <line num="20" type="stmt" count="2"/>
      <line num="21" type="stmt" count="2"/>
      <line num="22" type="stmt" count="2"/>
      <line num="23" type="stmt" count="2"/>
      <line num="24" type="stmt" count="2"/>
      <line num="25" type="stmt" count="2"/>
      <line num="26" type="stmt" count="2"/>
      <line num="27" type="stmt" count="2"/>
      <line num="28" type="stmt" count="2"/>
      <line num="29" type="stmt" count="2"/>
      <line num="30" type="stmt" count="2"/>
      <line num="31" type="stmt" count="2"/>
      <line num="32" type="stmt" count="2"/>
      <line num="34" type="stmt" count="2"/>
      <line num="36" type="stmt" count="2"/>
      <metrics loc="40" ncloc="31" classes="1" methods="1" coveredmethods="1" conditionals="0" coveredconditionals="0" statements="16" coveredstatements="16" elements="17" coveredelements="17"/>
    </file>
    <file name="/var/projects/queasy/queasy-db/src/query/TableQuery.php">
      <class name="queasy\db\query\TableQuery" namespace="global">
        <metrics complexity="2" methods="2" coveredmethods="2" conditionals="0" coveredconditionals="0" statements="3" coveredstatements="3" elements="5" coveredelements="5"/>
      </class>
      <line num="11" type="method" name="__construct" visibility="public" complexity="1" crap="1" count="34"/>
      <line num="13" type="stmt" count="34"/>
      <line num="15" type="stmt" count="34"/>
      <line num="18" type="method" name="tableName" visibility="protected" complexity="1" crap="1" count="34"/>
      <line num="20" type="stmt" count="34"/>
      <metrics loc="24" ncloc="24" classes="1" methods="2" coveredmethods="2" conditionals="0" coveredconditionals="0" statements="3" coveredstatements="3" elements="5" coveredelements="5"/>
    </file>
    <file name="/var/projects/queasy/queasy-db/src/query/UpdateQuery.php">
      <class name="queasy\db\query\UpdateQuery" namespace="global">
        <metrics complexity="10" methods="2" coveredmethods="2" conditionals="0" coveredconditionals="0" statements="53" coveredstatements="53" elements="55" coveredelements="55"/>
      </class>
      <line num="15" type="method" name="__construct" visibility="public" complexity="2" crap="2" count="9"/>
      <line num="17" type="stmt" count="9"/>
      <line num="19" type="stmt" count="9"/>
      <line num="21" type="stmt" count="9"/>
      <line num="22" type="stmt" count="3"/>
      <line num="23" type="stmt" count="6"/>
      <line num="26" type="method" name="run" visibility="public" complexity="8" crap="8" count="9"/>
      <line num="28" type="stmt" count="9"/>
      <line num="29" type="stmt" count="9"/>
      <line num="30" type="stmt" count="9"/>
      <line num="31" type="stmt" count="9"/>
      <line num="32" type="stmt" count="9"/>
      <line num="33" type="stmt" count="9"/>
      <line num="34" type="stmt" count="2"/>
      <line num="35" type="stmt" count="2"/>
      <line num="36" type="stmt" count="2"/>
      <line num="37" type="stmt" count="1"/>
      <line num="40" type="stmt" count="2"/>
      <line num="43" type="stmt" count="9"/>
      <line num="44" type="stmt" count="9"/>
      <line num="45" type="stmt" count="9"/>
      <line num="46" type="stmt" count="9"/>
      <line num="47" type="stmt" count="9"/>
      <line num="48" type="stmt" count="9"/>
      <line num="49" type="stmt" count="9"/>
      <line num="50" type="stmt" count="9"/>
      <line num="51" type="stmt" count="9"/>
      <line num="53" type="stmt" count="9"/>
      <line num="54" type="stmt" count="9"/>
      <line num="55" type="stmt" count="8"/>
      <line num="56" type="stmt" count="3"/>
      <line num="57" type="stmt" count="3"/>
      <line num="58" type="stmt" count="3"/>
      <line num="61" type="stmt" count="3"/>
      <line num="62" type="stmt" count="3"/>
      <line num="63" type="stmt" count="3"/>
      <line num="64" type="stmt" count="3"/>
      <line num="65" type="stmt" count="3"/>
      <line num="67" type="stmt" count="3"/>
      <line num="69" type="stmt" count="5"/>
      <line num="70" type="stmt" count="5"/>
      <line num="71" type="stmt" count="5"/>
      <line num="72" type="stmt" count="5"/>
      <line num="73" type="stmt" count="5"/>
      <line num="75" type="stmt" count="5"/>
      <line num="79" type="stmt" count="9"/>
      <line num="82" type="stmt" count="9"/>
      <line num="83" type="stmt" count="9"/>
      <line num="84" type="stmt" count="9"/>
      <line num="85" type="stmt" count="9"/>
      <line num="86" type="stmt" count="1"/>
      <line num="87" type="stmt" count="9"/>
      <line num="88" type="stmt" count="9"/>
      <line num="90" type="stmt" count="9"/>
      <line num="92" type="stmt" count="9"/>
      <metrics loc="96" ncloc="96" classes="1" methods="2" coveredmethods="2" conditionals="0" coveredconditionals="0" statements="53" coveredstatements="53" elements="55" coveredelements="55"/>
    </file>
    <metrics files="20" loc="1692" ncloc="1469" classes="18" methods="85" coveredmethods="48" conditionals="0" coveredconditionals="0" statements="533" coveredstatements="400" elements="618" coveredelements="448"/>
  </project>
</coverage>
