<?xml version="1.0" encoding="UTF-8"?>
<coverage generated="1756191893">
  <project timestamp="1756191893">
    <file name="/var/projects/queasy/queasy-db/src/Blob.php">
      <class name="queasy\db\Blob" namespace="global">
        <metrics complexity="4" methods="3" coveredmethods="0" conditionals="0" coveredconditionals="0" statements="6" coveredstatements="0" elements="9" coveredelements="0"/>
      </class>
      <line num="10" type="method" name="__construct" visibility="public" complexity="2" crap="6" count="0"/>
      <line num="12" type="stmt" count="0"/>
      <line num="13" type="stmt" count="0"/>
      <line num="14" type="stmt" count="0"/>
      <line num="15" type="stmt" count="0"/>
      <line num="18" type="method" name="__toString" visibility="public" complexity="1" crap="2" count="0"/>
      <line num="20" type="stmt" count="0"/>
      <line num="23" type="method" name="length" visibility="public" complexity="1" crap="2" count="0"/>
      <line num="25" type="stmt" count="0"/>
      <metrics loc="29" ncloc="29" classes="1" methods="3" coveredmethods="0" conditionals="0" coveredconditionals="0" statements="6" coveredstatements="0" elements="9" coveredelements="0"/>
    </file>
    <file name="/var/projects/queasy/queasy-db/src/Db.php">
      <class name="queasy\db\Db" namespace="global">
        <metrics complexity="41" methods="14" coveredmethods="8" conditionals="0" coveredconditionals="0" statements="81" coveredstatements="74" elements="95" coveredelements="82"/>
      </class>
      <line num="22" type="method" name="expr" visibility="public" complexity="1" crap="1" count="5"/>
      <line num="24" type="stmt" count="5"/>
      <line num="27" type="method" name="inExpr" visibility="public" complexity="1" crap="1" count="9"/>
      <line num="29" type="stmt" count="9"/>
      <line num="67" type="method" name="__construct" visibility="public" complexity="17" crap="17" count="57"/>
      <line num="69" type="stmt" count="57"/>
      <line num="71" type="stmt" count="57"/>
      <line num="72" type="stmt" count="57"/>
      <line num="75" type="stmt" count="57"/>
      <line num="77" type="stmt" count="57"/>
      <line num="78" type="stmt" count="5"/>
      <line num="80" type="stmt" count="5"/>
      <line num="83" type="stmt" count="52"/>
      <line num="84" type="stmt" count="2"/>
      <line num="86" type="stmt" count="1"/>
      <line num="89" type="stmt" count="50"/>
      <line num="90" type="stmt" count="49"/>
      <line num="91" type="stmt" count="19"/>
      <line num="94" type="stmt" count="49"/>
      <line num="95" type="stmt" count="2"/>
      <line num="98" type="stmt" count="49"/>
      <line num="100" type="stmt" count="49"/>
      <line num="101" type="stmt" count="49"/>
      <line num="102" type="stmt" count="49"/>
      <line num="105" type="stmt" count="49"/>
      <line num="106" type="stmt" count="49"/>
      <line num="107" type="stmt" count="2"/>
      <line num="108" type="stmt" count="2"/>
      <line num="109" type="stmt" count="2"/>
      <line num="110" type="stmt" count="0"/>
      <line num="113" type="stmt" count="2"/>
      <line num="116" type="stmt" count="2"/>
      <line num="119" type="stmt" count="49"/>
      <line num="120" type="stmt" count="49"/>
      <line num="121" type="stmt" count="49"/>
      <line num="122" type="stmt" count="49"/>
      <line num="123" type="stmt" count="49"/>
      <line num="124" type="stmt" count="49"/>
      <line num="128" type="stmt" count="49"/>
      <line num="131" type="stmt" count="1"/>
      <line num="134" type="method" name="prepare" visibility="public" complexity="2" crap="2.02" count="47"/>
      <line num="137" type="stmt" count="47"/>
      <line num="139" type="stmt" count="47"/>
      <line num="141" type="stmt" count="47"/>
      <line num="142" type="stmt" count="47"/>
      <line num="144" type="stmt" count="0"/>
      <line num="147" type="stmt" count="47"/>
      <line num="150" type="method" name="getLastStatement" visibility="public" complexity="1" crap="2" count="0"/>
      <line num="152" type="stmt" count="0"/>
      <line num="160" type="method" name="setLogger" visibility="public" complexity="1" crap="2" count="0"/>
      <line num="163" type="stmt" count="0"/>
      <line num="166" type="method" name="__get" visibility="public" complexity="1" crap="1" count="40"/>
      <line num="168" type="stmt" count="40"/>
      <line num="171" type="method" name="__call" visibility="public" complexity="5" crap="5" count="2"/>
      <line num="173" type="stmt" count="2"/>
      <line num="174" type="stmt" count="2"/>
      <line num="175" type="stmt" count="1"/>
      <line num="178" type="stmt" count="1"/>
      <line num="181" type="stmt" count="1"/>
      <line num="183" type="stmt" count="1"/>
      <line num="184" type="stmt" count="1"/>
      <line num="186" type="stmt" count="1"/>
      <line num="187" type="stmt" count="1"/>
      <line num="188" type="stmt" count="1"/>
      <line num="189" type="stmt" count="1"/>
      <line num="192" type="method" name="__invoke" visibility="public" complexity="1" crap="1" count="3"/>
      <line num="194" type="stmt" count="3"/>
      <line num="204" type="method" name="table" visibility="public" complexity="3" crap="3" count="42"/>
      <line num="206" type="stmt" count="42"/>
      <line num="207" type="stmt" count="42"/>
      <line num="208" type="stmt" count="16"/>
      <line num="209" type="stmt" count="26"/>
      <line num="211" type="stmt" count="42"/>
      <line num="214" type="stmt" count="42"/>
      <line num="226" type="method" name="run" visibility="public" complexity="1" crap="1" count="8"/>
      <line num="228" type="stmt" count="8"/>
      <line num="230" type="stmt" count="8"/>
      <line num="240" type="method" name="id" visibility="public" complexity="1" crap="1" count="1"/>
      <line num="242" type="stmt" count="1"/>
      <line num="252" type="method" name="trans" visibility="public" complexity="5" crap="5.09" count="3"/>
      <line num="254" type="stmt" count="3"/>
      <line num="255" type="stmt" count="1"/>
      <line num="258" type="stmt" count="2"/>
      <line num="261" type="stmt" count="2"/>
      <line num="263" type="stmt" count="1"/>
      <line num="264" type="stmt" count="1"/>
      <line num="266" type="stmt" count="0"/>
      <line num="269" type="stmt" count="1"/>
      <line num="270" type="stmt" count="1"/>
      <line num="271" type="stmt" count="1"/>
      <line num="272" type="stmt" count="1"/>
      <line num="274" type="stmt" count="0"/>
      <line num="277" type="stmt" count="1"/>
      <line num="281" type="method" name="useReturning" visibility="public" complexity="1" crap="2" count="0"/>
      <line num="283" type="stmt" count="0"/>
      <metrics loc="287" ncloc="236" classes="1" methods="14" coveredmethods="8" conditionals="0" coveredconditionals="0" statements="81" coveredstatements="74" elements="95" coveredelements="82"/>
    </file>
    <file name="/var/projects/queasy/queasy-db/src/DbException.php">
      <class name="queasy\db\DbException" namespace="global">
        <metrics complexity="0" methods="0" coveredmethods="0" conditionals="0" coveredconditionals="0" statements="0" coveredstatements="0" elements="0" coveredelements="0"/>
      </class>
      <metrics loc="11" ncloc="11" classes="0" methods="0" coveredmethods="0" conditionals="0" coveredconditionals="0" statements="0" coveredstatements="0" elements="0" coveredelements="0"/>
    </file>
    <file name="/var/projects/queasy/queasy-db/src/Expression.php">
      <class name="queasy\db\Expression" namespace="global">
        <metrics complexity="4" methods="4" coveredmethods="4" conditionals="0" coveredconditionals="0" statements="5" coveredstatements="5" elements="9" coveredelements="9"/>
      </class>
      <line num="11" type="method" name="__construct" visibility="public" complexity="1" crap="1" count="14"/>
      <line num="13" type="stmt" count="14"/>
      <line num="14" type="stmt" count="14"/>
      <line num="17" type="method" name="getExpression" visibility="public" complexity="1" crap="1" count="5"/>
      <line num="19" type="stmt" count="5"/>
      <line num="22" type="method" name="getBindings" visibility="public" complexity="1" crap="1" count="14"/>
      <line num="24" type="stmt" count="14"/>
      <line num="27" type="method" name="__toString" visibility="public" complexity="1" crap="1" count="9"/>
      <line num="29" type="stmt" count="9"/>
      <metrics loc="33" ncloc="33" classes="1" methods="4" coveredmethods="4" conditionals="0" coveredconditionals="0" statements="5" coveredstatements="5" elements="9" coveredelements="9"/>
    </file>
    <file name="/var/projects/queasy/queasy-db/src/Field.php">
      <class name="queasy\db\Field" namespace="global">
        <metrics complexity="12" methods="9" coveredmethods="8" conditionals="0" coveredconditionals="0" statements="25" coveredstatements="24" elements="34" coveredelements="32"/>
      </class>
      <line num="16" type="method" name="__construct" visibility="public" complexity="1" crap="1" count="19"/>
      <line num="18" type="stmt" count="19"/>
      <line num="19" type="stmt" count="19"/>
      <line num="20" type="stmt" count="19"/>
      <line num="23" type="method" name="update" visibility="public" complexity="2" crap="2" count="9"/>
      <line num="25" type="stmt" count="9"/>
      <line num="26" type="stmt" count="2"/>
      <line num="29" type="stmt" count="7"/>
      <line num="32" type="method" name="delete" visibility="public" complexity="1" crap="1" count="7"/>
      <line num="34" type="stmt" count="7"/>
      <line num="37" type="method" name="select" visibility="public" complexity="2" crap="2" count="6"/>
      <line num="39" type="stmt" count="6"/>
      <line num="41" type="stmt" count="6"/>
      <line num="42" type="stmt" count="2"/>
      <line num="44" type="stmt" count="2"/>
      <line num="46" type="stmt" count="4"/>
      <line num="47" type="stmt" count="4"/>
      <line num="48" type="stmt" count="4"/>
      <line num="51" type="stmt" count="6"/>
      <line num="54" type="method" name="offsetExists" visibility="public" complexity="1" crap="1" count="1"/>
      <line num="57" type="stmt" count="1"/>
      <line num="58" type="stmt" count="1"/>
      <line num="59" type="stmt" count="1"/>
      <line num="62" type="method" name="offsetGet" visibility="public" complexity="2" crap="2" count="4"/>
      <line num="65" type="stmt" count="4"/>
      <line num="67" type="stmt" count="4"/>
      <line num="68" type="stmt" count="1"/>
      <line num="71" type="stmt" count="3"/>
      <line num="74" type="method" name="offsetSet" visibility="public" complexity="1" crap="1" count="6"/>
      <line num="77" type="stmt" count="6"/>
      <line num="80" type="method" name="offsetUnset" visibility="public" complexity="1" crap="1" count="2"/>
      <line num="83" type="stmt" count="2"/>
      <line num="86" type="method" name="__invoke" visibility="public" complexity="1" crap="2" count="0"/>
      <line num="88" type="stmt" count="0"/>
      <metrics loc="92" ncloc="92" classes="1" methods="9" coveredmethods="8" conditionals="0" coveredconditionals="0" statements="25" coveredstatements="24" elements="34" coveredelements="32"/>
    </file>
    <file name="/var/projects/queasy/queasy-db/src/InExpression.php">
      <class name="queasy\db\InExpression" namespace="global">
        <metrics complexity="4" methods="1" coveredmethods="0" conditionals="0" coveredconditionals="0" statements="11" coveredstatements="10" elements="12" coveredelements="10"/>
      </class>
      <line num="7" type="method" name="__construct" visibility="public" complexity="4" crap="4.01" count="9"/>
      <line num="9" type="stmt" count="9"/>
      <line num="10" type="stmt" count="9"/>
      <line num="11" type="stmt" count="9"/>
      <line num="12" type="stmt" count="9"/>
      <line num="13" type="stmt" count="9"/>
      <line num="14" type="stmt" count="9"/>
      <line num="15" type="stmt" count="9"/>
      <line num="18" type="stmt" count="9"/>
      <line num="19" type="stmt" count="9"/>
      <line num="21" type="stmt" count="0"/>
      <line num="25" type="stmt" count="9"/>
      <metrics loc="29" ncloc="29" classes="1" methods="1" coveredmethods="0" conditionals="0" coveredconditionals="0" statements="11" coveredstatements="10" elements="12" coveredelements="10"/>
    </file>
    <file name="/var/projects/queasy/queasy-db/src/Table.php">
      <class name="queasy\db\Table" namespace="global">
        <metrics complexity="37" methods="17" coveredmethods="10" conditionals="0" coveredconditionals="0" statements="76" coveredstatements="64" elements="93" coveredelements="74"/>
      </class>
      <line num="34" type="method" name="__construct" visibility="public" complexity="1" crap="1" count="42"/>
      <line num="36" type="stmt" count="42"/>
      <line num="37" type="stmt" count="42"/>
      <line num="38" type="stmt" count="42"/>
      <line num="39" type="stmt" count="42"/>
      <line num="42" type="method" name="__get" visibility="public" complexity="2" crap="2" count="19"/>
      <line num="44" type="stmt" count="19"/>
      <line num="45" type="stmt" count="19"/>
      <line num="47" type="stmt" count="19"/>
      <line num="50" type="stmt" count="19"/>
      <line num="53" type="method" name="statement" visibility="public" complexity="1" crap="1" count="2"/>
      <line num="55" type="stmt" count="2"/>
      <line num="58" type="method" name="all" visibility="public" complexity="1" crap="1" count="1"/>
      <line num="60" type="stmt" count="1"/>
      <line num="63" type="method" name="getIterator" visibility="public" complexity="1" crap="1" count="1"/>
      <line num="66" type="stmt" count="1"/>
      <line num="69" type="method" name="offsetExists" visibility="public" complexity="1" crap="2" count="0"/>
      <line num="72" type="stmt" count="0"/>
      <line num="75" type="method" name="offsetGet" visibility="public" complexity="1" crap="2" count="0"/>
      <line num="78" type="stmt" count="0"/>
      <line num="81" type="method" name="offsetSet" visibility="public" complexity="4" crap="6.00" count="8"/>
      <line num="84" type="stmt" count="8"/>
      <line num="85" type="stmt" count="1"/>
      <line num="86" type="stmt" count="1"/>
      <line num="89" type="stmt" count="0"/>
      <line num="90" type="stmt" count="0"/>
      <line num="91" type="stmt" count="0"/>
      <line num="93" type="stmt" count="0"/>
      <line num="96" type="stmt" count="7"/>
      <line num="99" type="method" name="offsetUnset" visibility="public" complexity="1" crap="2" count="0"/>
      <line num="102" type="stmt" count="0"/>
      <line num="115" type="method" name="__call" visibility="public" complexity="2" crap="2.06" count="4"/>
      <line num="117" type="stmt" count="4"/>
      <line num="118" type="stmt" count="4"/>
      <line num="120" type="stmt" count="4"/>
      <line num="123" type="stmt" count="0"/>
      <line num="126" type="method" name="count" visibility="public" complexity="1" crap="1" count="2"/>
      <line num="129" type="stmt" count="2"/>
      <line num="130" type="stmt" count="2"/>
      <line num="131" type="stmt" count="2"/>
      <line num="134" type="method" name="insert" visibility="public" complexity="12" crap="12.32" count="11"/>
      <line num="136" type="stmt" count="11"/>
      <line num="137" type="stmt" count="10"/>
      <line num="138" type="stmt" count="1"/>
      <line num="140" type="stmt" count="11"/>
      <line num="141" type="stmt" count="0"/>
      <line num="144" type="stmt" count="11"/>
      <line num="147" type="stmt" count="11"/>
      <line num="148" type="stmt" count="11"/>
      <line num="149" type="stmt" count="9"/>
      <line num="150" type="stmt" count="2"/>
      <line num="152" type="stmt" count="11"/>
      <line num="153" type="stmt" count="5"/>
      <line num="154" type="stmt" count="5"/>
      <line num="155" type="stmt" count="5"/>
      <line num="156" type="stmt" count="4"/>
      <line num="157" type="stmt" count="1"/>
      <line num="160" type="stmt" count="11"/>
      <line num="162" type="stmt" count="11"/>
      <line num="164" type="stmt" count="11"/>
      <line num="166" type="stmt" count="6"/>
      <line num="167" type="stmt" count="0"/>
      <line num="168" type="stmt" count="0"/>
      <line num="172" type="stmt" count="5"/>
      <line num="175" type="method" name="update" visibility="public" complexity="3" crap="3" count="9"/>
      <line num="177" type="stmt" count="9"/>
      <line num="179" type="stmt" count="9"/>
      <line num="180" type="stmt" count="3"/>
      <line num="182" type="stmt" count="3"/>
      <line num="183" type="stmt" count="6"/>
      <line num="184" type="stmt" count="5"/>
      <line num="185" type="stmt" count="5"/>
      <line num="186" type="stmt" count="5"/>
      <line num="189" type="stmt" count="9"/>
      <line num="192" type="method" name="delete" visibility="public" complexity="3" crap="3" count="7"/>
      <line num="194" type="stmt" count="7"/>
      <line num="195" type="stmt" count="7"/>
      <line num="196" type="stmt" count="7"/>
      <line num="198" type="stmt" count="7"/>
      <line num="199" type="stmt" count="4"/>
      <line num="201" type="stmt" count="4"/>
      <line num="202" type="stmt" count="3"/>
      <line num="203" type="stmt" count="3"/>
      <line num="204" type="stmt" count="3"/>
      <line num="205" type="stmt" count="3"/>
      <line num="208" type="stmt" count="7"/>
      <line num="211" type="method" name="truncate" visibility="public" complexity="1" crap="2" count="0"/>
      <line num="213" type="stmt" count="0"/>
      <line num="216" type="method" name="where" visibility="public" complexity="1" crap="1" count="25"/>
      <line num="218" type="stmt" count="25"/>
      <line num="219" type="stmt" count="25"/>
      <line num="222" type="method" name="getName" visibility="public" complexity="1" crap="1" count="2"/>
      <line num="224" type="stmt" count="2"/>
      <metrics loc="228" ncloc="208" classes="1" methods="17" coveredmethods="10" conditionals="0" coveredconditionals="0" statements="76" coveredstatements="64" elements="93" coveredelements="74"/>
    </file>
    <file name="/var/projects/queasy/queasy-db/src/query/AbstractQuery.php">
      <class name="queasy\db\query\AbstractQuery" namespace="global">
        <metrics complexity="6" methods="5" coveredmethods="4" conditionals="0" coveredconditionals="0" statements="8" coveredstatements="7" elements="13" coveredelements="11"/>
      </class>
      <line num="22" type="method" name="__construct" visibility="public" complexity="1" crap="1" count="47"/>
      <line num="24" type="stmt" count="47"/>
      <line num="25" type="stmt" count="47"/>
      <line num="30" type="method" name="__invoke" visibility="public" complexity="1" crap="1" count="20"/>
      <line num="32" type="stmt" count="20"/>
      <line num="35" type="method" name="db" visibility="protected" complexity="1" crap="1" count="47"/>
      <line num="37" type="stmt" count="47"/>
      <line num="40" type="method" name="sql" visibility="protected" complexity="2" crap="2.15" count="47"/>
      <line num="42" type="stmt" count="47"/>
      <line num="43" type="stmt" count="0"/>
      <line num="46" type="stmt" count="47"/>
      <line num="49" type="method" name="setSql" visibility="protected" complexity="1" crap="1" count="47"/>
      <line num="51" type="stmt" count="47"/>
      <metrics loc="55" ncloc="47" classes="1" methods="5" coveredmethods="4" conditionals="0" coveredconditionals="0" statements="8" coveredstatements="7" elements="13" coveredelements="11"/>
    </file>
    <file name="/var/projects/queasy/queasy-db/src/query/BatchInsertQuery.php">
      <class name="queasy\db\query\BatchInsertQuery" namespace="global">
        <metrics complexity="1" methods="1" coveredmethods="1" conditionals="0" coveredconditionals="0" statements="12" coveredstatements="12" elements="13" coveredelements="13"/>
      </class>
      <line num="18" type="method" name="run" visibility="public" complexity="1" crap="1" count="4"/>
      <line num="20" type="stmt" count="4"/>
      <line num="22" type="stmt" count="4"/>
      <line num="23" type="stmt" count="4"/>
      <line num="25" type="stmt" count="4"/>
      <line num="26" type="stmt" count="4"/>
      <line num="28" type="stmt" count="4"/>
      <line num="30" type="stmt" count="4"/>
      <line num="31" type="stmt" count="4"/>
      <line num="32" type="stmt" count="4"/>
      <line num="33" type="stmt" count="4"/>
      <line num="35" type="stmt" count="4"/>
      <line num="37" type="stmt" count="4"/>
      <metrics loc="41" ncloc="32" classes="1" methods="1" coveredmethods="1" conditionals="0" coveredconditionals="0" statements="12" coveredstatements="12" elements="13" coveredelements="13"/>
    </file>
    <file name="/var/projects/queasy/queasy-db/src/query/BatchNamedInsertQuery.php">
      <class name="queasy\db\query\BatchNamedInsertQuery" namespace="global">
        <metrics complexity="4" methods="1" coveredmethods="0" conditionals="0" coveredconditionals="0" statements="25" coveredstatements="24" elements="26" coveredelements="24"/>
      </class>
      <line num="18" type="method" name="run" visibility="public" complexity="4" crap="4" count="1"/>
      <line num="20" type="stmt" count="1"/>
      <line num="21" type="stmt" count="0"/>
      <line num="24" type="stmt" count="1"/>
      <line num="25" type="stmt" count="1"/>
      <line num="27" type="stmt" count="1"/>
      <line num="28" type="stmt" count="1"/>
      <line num="29" type="stmt" count="1"/>
      <line num="30" type="stmt" count="1"/>
      <line num="31" type="stmt" count="1"/>
      <line num="32" type="stmt" count="1"/>
      <line num="33" type="stmt" count="1"/>
      <line num="34" type="stmt" count="1"/>
      <line num="35" type="stmt" count="1"/>
      <line num="36" type="stmt" count="1"/>
      <line num="39" type="stmt" count="1"/>
      <line num="41" type="stmt" count="1"/>
      <line num="43" type="stmt" count="1"/>
      <line num="45" type="stmt" count="1"/>
      <line num="47" type="stmt" count="1"/>
      <line num="48" type="stmt" count="1"/>
      <line num="49" type="stmt" count="1"/>
      <line num="50" type="stmt" count="1"/>
      <line num="51" type="stmt" count="1"/>
      <line num="53" type="stmt" count="1"/>
      <line num="55" type="stmt" count="1"/>
      <metrics loc="59" ncloc="50" classes="1" methods="1" coveredmethods="0" conditionals="0" coveredconditionals="0" statements="25" coveredstatements="24" elements="26" coveredelements="24"/>
    </file>
    <file name="/var/projects/queasy/queasy-db/src/query/CustomQuery.php">
      <class name="queasy\db\query\CustomQuery" namespace="global">
        <metrics complexity="14" methods="2" coveredmethods="1" conditionals="0" coveredconditionals="0" statements="25" coveredstatements="19" elements="27" coveredelements="20"/>
      </class>
      <line num="12" type="method" name="__construct" visibility="public" complexity="1" crap="1" count="5"/>
      <line num="14" type="stmt" count="5"/>
      <line num="16" type="stmt" count="5"/>
      <line num="28" type="method" name="run" visibility="public" complexity="13" crap="16.00" count="5"/>
      <line num="30" type="stmt" count="5"/>
      <line num="31" type="stmt" count="5"/>
      <line num="32" type="stmt" count="0"/>
      <line num="33" type="stmt" count="5"/>
      <line num="35" type="stmt" count="5"/>
      <line num="37" type="stmt" count="5"/>
      <line num="39" type="stmt" count="5"/>
      <line num="40" type="stmt" count="2"/>
      <line num="43" type="stmt" count="3"/>
      <line num="44" type="stmt" count="0"/>
      <line num="45" type="stmt" count="3"/>
      <line num="47" type="stmt" count="3"/>
      <line num="48" type="stmt" count="0"/>
      <line num="49" type="stmt" count="3"/>
      <line num="51" type="stmt" count="3"/>
      <line num="53" type="stmt" count="1"/>
      <line num="54" type="stmt" count="0"/>
      <line num="55" type="stmt" count="1"/>
      <line num="58" type="stmt" count="1"/>
      <line num="59" type="stmt" count="0"/>
      <line num="60" type="stmt" count="1"/>
      <line num="63" type="stmt" count="1"/>
      <line num="66" type="stmt" count="0"/>
      <metrics loc="71" ncloc="62" classes="1" methods="2" coveredmethods="1" conditionals="0" coveredconditionals="0" statements="25" coveredstatements="19" elements="27" coveredelements="20"/>
    </file>
    <file name="/var/projects/queasy/queasy-db/src/query/Query.php">
      <class name="queasy\db\query\Query" namespace="global">
        <metrics complexity="10" methods="2" coveredmethods="0" conditionals="0" coveredconditionals="0" statements="27" coveredstatements="22" elements="29" coveredelements="22"/>
      </class>
      <line num="23" type="method" name="run" visibility="public" complexity="4" crap="4.02" count="47"/>
      <line num="25" type="stmt" count="47"/>
      <line num="26" type="stmt" count="47"/>
      <line num="28" type="stmt" count="47"/>
      <line num="29" type="stmt" count="47"/>
      <line num="30" type="stmt" count="47"/>
      <line num="31" type="stmt" count="33"/>
      <line num="33" type="stmt" count="33"/>
      <line num="34" type="stmt" count="28"/>
      <line num="35" type="stmt" count="7"/>
      <line num="37" type="stmt" count="33"/>
      <line num="38" type="stmt" count="33"/>
      <line num="39" type="stmt" count="33"/>
      <line num="40" type="stmt" count="33"/>
      <line num="41" type="stmt" count="33"/>
      <line num="44" type="stmt" count="47"/>
      <line num="45" type="stmt" count="0"/>
      <line num="47" type="stmt" count="0"/>
      <line num="50" type="stmt" count="47"/>
      <line num="53" type="method" name="getParamType" visibility="protected" complexity="6" crap="7.33" count="33"/>
      <line num="55" type="stmt" count="33"/>
      <line num="56" type="stmt" count="0"/>
      <line num="59" type="stmt" count="33"/>
      <line num="60" type="stmt" count="30"/>
      <line num="63" type="stmt" count="18"/>
      <line num="64" type="stmt" count="0"/>
      <line num="67" type="stmt" count="18"/>
      <line num="68" type="stmt" count="0"/>
      <line num="71" type="stmt" count="18"/>
      <metrics loc="75" ncloc="65" classes="1" methods="2" coveredmethods="0" conditionals="0" coveredconditionals="0" statements="27" coveredstatements="22" elements="29" coveredelements="22"/>
    </file>
    <file name="/var/projects/queasy/queasy-db/src/query/QueryBuilder.php">
      <class name="queasy\db\query\QueryBuilder" namespace="global">
        <metrics complexity="35" methods="14" coveredmethods="3" conditionals="0" coveredconditionals="0" statements="90" coveredstatements="47" elements="104" coveredelements="50"/>
      </class>
      <line num="21" type="method" name="options" visibility="public" complexity="1" crap="1" count="20"/>
      <line num="23" type="stmt" count="20"/>
      <line num="25" type="stmt" count="20"/>
      <line num="28" type="method" name="join" visibility="public" complexity="2" crap="6" count="0"/>
      <line num="30" type="stmt" count="0"/>
      <line num="31" type="stmt" count="0"/>
      <line num="32" type="stmt" count="0"/>
      <line num="33" type="stmt" count="0"/>
      <line num="35" type="stmt" count="0"/>
      <line num="38" type="method" name="innerJoin" visibility="public" complexity="1" crap="2" count="0"/>
      <line num="40" type="stmt" count="0"/>
      <line num="43" type="method" name="leftJoin" visibility="public" complexity="1" crap="2" count="0"/>
      <line num="45" type="stmt" count="0"/>
      <line num="48" type="method" name="rightJoin" visibility="public" complexity="1" crap="2" count="0"/>
      <line num="50" type="stmt" count="0"/>
      <line num="53" type="method" name="fullJoin" visibility="public" complexity="1" crap="2" count="0"/>
      <line num="55" type="stmt" count="0"/>
      <line num="58" type="method" name="where" visibility="public" complexity="1" crap="1" count="25"/>
      <line num="60" type="stmt" count="25"/>
      <line num="61" type="stmt" count="25"/>
      <line num="63" type="stmt" count="25"/>
      <line num="107" type="method" name="into" visibility="public" complexity="2" crap="6" count="0"/>
      <line num="109" type="stmt" count="0"/>
      <line num="110" type="stmt" count="0"/>
      <line num="113" type="stmt" count="0"/>
      <line num="115" type="stmt" count="0"/>
      <line num="118" type="method" name="buildJoins" visibility="public" complexity="2" crap="2.50" count="25"/>
      <line num="120" type="stmt" count="25"/>
      <line num="121" type="stmt" count="25"/>
      <line num="122" type="stmt" count="0"/>
      <line num="123" type="stmt" count="0"/>
      <line num="124" type="stmt" count="0"/>
      <line num="127" type="stmt" count="25"/>
      <line num="130" type="method" name="buildWhere" visibility="public" complexity="2" crap="2" count="25"/>
      <line num="132" type="stmt" count="25"/>
      <line num="133" type="stmt" count="25"/>
      <line num="134" type="stmt" count="20"/>
      <line num="135" type="stmt" count="20"/>
      <line num="146" type="stmt" count="25"/>
      <line num="149" type="method" name="insert" visibility="public" complexity="7" crap="56" count="0"/>
      <line num="151" type="stmt" count="0"/>
      <line num="152" type="stmt" count="0"/>
      <line num="155" type="stmt" count="0"/>
      <line num="156" type="stmt" count="0"/>
      <line num="157" type="stmt" count="0"/>
      <line num="158" type="stmt" count="0"/>
      <line num="159" type="stmt" count="0"/>
      <line num="162" type="stmt" count="0"/>
      <line num="163" type="stmt" count="0"/>
      <line num="164" type="stmt" count="0"/>
      <line num="166" type="stmt" count="0"/>
      <line num="168" type="stmt" count="0"/>
      <line num="171" type="stmt" count="0"/>
      <line num="174" type="stmt" count="0"/>
      <line num="175" type="stmt" count="0"/>
      <line num="176" type="stmt" count="0"/>
      <line num="178" type="stmt" count="0"/>
      <line num="179" type="stmt" count="0"/>
      <line num="180" type="stmt" count="0"/>
      <line num="182" type="stmt" count="0"/>
      <line num="185" type="stmt" count="0"/>
      <line num="187" type="stmt" count="0"/>
      <line num="189" type="stmt" count="0"/>
      <line num="192" type="method" name="update" visibility="public" complexity="4" crap="4.01" count="9"/>
      <line num="194" type="stmt" count="9"/>
      <line num="195" type="stmt" count="0"/>
      <line num="198" type="stmt" count="9"/>
      <line num="199" type="stmt" count="9"/>
      <line num="200" type="stmt" count="9"/>
      <line num="201" type="stmt" count="9"/>
      <line num="202" type="stmt" count="2"/>
      <line num="204" type="stmt" count="2"/>
      <line num="206" type="stmt" count="8"/>
      <line num="209" type="stmt" count="9"/>
      <line num="212" type="stmt" count="9"/>
      <line num="214" type="stmt" count="9"/>
      <line num="216" type="stmt" count="9"/>
      <line num="218" type="stmt" count="9"/>
      <line num="221" type="method" name="delete" visibility="public" complexity="2" crap="2.02" count="7"/>
      <line num="223" type="stmt" count="7"/>
      <line num="224" type="stmt" count="0"/>
      <line num="227" type="stmt" count="7"/>
      <line num="228" type="stmt" count="7"/>
      <line num="230" type="stmt" count="7"/>
      <line num="232" type="stmt" count="7"/>
      <line num="235" type="method" name="select" visibility="public" complexity="8" crap="8.09" count="11"/>
      <line num="237" type="stmt" count="11"/>
      <line num="238" type="stmt" count="0"/>
      <line num="241" type="stmt" count="11"/>
      <line num="242" type="stmt" count="11"/>
      <line num="243" type="stmt" count="3"/>
      <line num="244" type="stmt" count="1"/>
      <line num="245" type="stmt" count="1"/>
      <line num="246" type="stmt" count="1"/>
      <line num="247" type="stmt" count="2"/>
      <line num="248" type="stmt" count="2"/>
      <line num="249" type="stmt" count="0"/>
      <line num="250" type="stmt" count="2"/>
      <line num="252" type="stmt" count="3"/>
      <line num="253" type="stmt" count="3"/>
      <line num="257" type="stmt" count="11"/>
      <line num="259" type="stmt" count="11"/>
      <line num="261" type="stmt" count="11"/>
      <line num="263" type="stmt" count="11"/>
      <metrics loc="267" ncloc="216" classes="1" methods="14" coveredmethods="3" conditionals="0" coveredconditionals="0" statements="90" coveredstatements="47" elements="104" coveredelements="50"/>
    </file>
    <file name="/var/projects/queasy/queasy-db/src/query/QueryInterface.php">
      <metrics loc="12" ncloc="12" classes="0" methods="0" coveredmethods="0" conditionals="0" coveredconditionals="0" statements="0" coveredstatements="0" elements="0" coveredelements="0"/>
    </file>
    <file name="/var/projects/queasy/queasy-db/src/query/SingleInsertQuery.php">
      <class name="queasy\db\query\SingleInsertQuery" namespace="global">
        <metrics complexity="2" methods="1" coveredmethods="1" conditionals="0" coveredconditionals="0" statements="12" coveredstatements="12" elements="13" coveredelements="13"/>
      </class>
      <line num="16" type="method" name="run" visibility="public" complexity="2" crap="2" count="4"/>
      <line num="18" type="stmt" count="4"/>
      <line num="19" type="stmt" count="4"/>
      <line num="20" type="stmt" count="4"/>
      <line num="21" type="stmt" count="4"/>
      <line num="23" type="stmt" count="4"/>
      <line num="24" type="stmt" count="2"/>
      <line num="26" type="stmt" count="2"/>
      <line num="27" type="stmt" count="2"/>
      <line num="28" type="stmt" count="2"/>
      <line num="29" type="stmt" count="2"/>
      <line num="31" type="stmt" count="4"/>
      <line num="33" type="stmt" count="4"/>
      <metrics loc="37" ncloc="28" classes="1" methods="1" coveredmethods="1" conditionals="0" coveredconditionals="0" statements="12" coveredstatements="12" elements="13" coveredelements="13"/>
    </file>
    <file name="/var/projects/queasy/queasy-db/src/query/SingleNamedInsertQuery.php">
      <class name="queasy\db\query\SingleNamedInsertQuery" namespace="global">
        <metrics complexity="1" methods="1" coveredmethods="1" conditionals="0" coveredconditionals="0" statements="16" coveredstatements="16" elements="17" coveredelements="17"/>
      </class>
      <line num="16" type="method" name="run" visibility="public" complexity="1" crap="1" count="2"/>
      <line num="18" type="stmt" count="2"/>
      <line num="20" type="stmt" count="2"/>
      <line num="21" type="stmt" count="2"/>
      <line num="22" type="stmt" count="2"/>
      <line num="23" type="stmt" count="2"/>
      <line num="24" type="stmt" count="2"/>
      <line num="25" type="stmt" count="2"/>
      <line num="26" type="stmt" count="2"/>
      <line num="27" type="stmt" count="2"/>
      <line num="28" type="stmt" count="2"/>
      <line num="29" type="stmt" count="2"/>
      <line num="30" type="stmt" count="2"/>
      <line num="31" type="stmt" count="2"/>
      <line num="32" type="stmt" count="2"/>
      <line num="34" type="stmt" count="2"/>
      <line num="36" type="stmt" count="2"/>
      <metrics loc="40" ncloc="31" classes="1" methods="1" coveredmethods="1" conditionals="0" coveredconditionals="0" statements="16" coveredstatements="16" elements="17" coveredelements="17"/>
    </file>
    <file name="/var/projects/queasy/queasy-db/src/query/TableQuery.php">
      <class name="queasy\db\query\TableQuery" namespace="global">
        <metrics complexity="2" methods="2" coveredmethods="2" conditionals="0" coveredconditionals="0" statements="3" coveredstatements="3" elements="5" coveredelements="5"/>
      </class>
      <line num="11" type="method" name="__construct" visibility="public" complexity="1" crap="1" count="34"/>
      <line num="13" type="stmt" count="34"/>
      <line num="15" type="stmt" count="34"/>
      <line num="18" type="method" name="table" visibility="protected" complexity="1" crap="1" count="34"/>
      <line num="20" type="stmt" count="34"/>
      <metrics loc="24" ncloc="24" classes="1" methods="2" coveredmethods="2" conditionals="0" coveredconditionals="0" statements="3" coveredstatements="3" elements="5" coveredelements="5"/>
    </file>
    <metrics files="17" loc="1390" ncloc="1205" classes="15" methods="77" coveredmethods="43" conditionals="0" coveredconditionals="0" statements="422" coveredstatements="339" elements="499" coveredelements="382"/>
  </project>
</coverage>
